<!DOCTYPE html PUBLIC "-//W3C//DTD XHTML 1.1//EN" "https://www.w3.org/TR/xhtml11/DTD/xhtml11.dtd">
<html xmlns="https://www.w3.org/1999/xhtml">
<head>
<meta http-equiv="content-type" content="text/html; charset=UTF-8"/>
<title>TestNG Report</title>
<style type="text/css">table {margin-bottom:10px;border-collapse:collapse;empty-cells:show}th,td {border:1px solid #009;padding:.25em .5em}th {vertical-align:bottom}td {vertical-align:top}table a {font-weight:bold}.stripe td {background-color: #E6EBF9}.num {text-align:right}.passedodd td {background-color: #3F3}.passedeven td {background-color: #0A0}.skippedodd td {background-color: #DDD}.skippedeven td {background-color: #CCC}.failedodd td,.attn {background-color: #F33}.failedeven td,.stripe .attn {background-color: #D00}.stacktrace {white-space:pre;font-family:monospace}.totop {font-size:85%;text-align:center;border-bottom:2px solid #000}.invisible {display:none}</style>
</head>
<body>
<table>
<tr><th>Test</th><th># Passed</th><th># Skipped</th><th># Retried</th><th># Failed</th><th>Time (ms)</th><th>Included Groups</th><th>Excluded Groups</th></tr>
<tr><th colspan="8">Suite</th></tr>
<tr><td><a href="#t0">Submit Order</a></td><td class="num">1</td><td class="num">0</td><td class="num">0</td><td class="num attn">1</td><td class="num">21,292</td><td></td><td></td></tr>
<tr class="stripe"><td><a href="#t1">Error Validations</a></td><td class="num">1</td><td class="num">0</td><td class="num">0</td><td class="num attn">1</td><td class="num">24,273</td><td></td><td></td></tr>
<tr><th>Total</th><th class="num">2</th><th class="num">0</th><th class="num">0</th><th class="num attn">2</th><th class="num">45,565</th><th colspan="2"></th></tr>
</table>
<table id='summary'><thead><tr><th>Class</th><th>Method</th><th>Start</th><th>Time (ms)</th></tr></thead><tbody><tr><th colspan="4">Suite</th></tr></tbody><tbody id="t0"><tr><th colspan="4">Submit Order &#8212; failed</th></tr><tr class="failedeven"><td rowspan="1">academy.tests.SubmitOrderTest</td><td><a href="#m0">OrderHistoryTest</a></td><td rowspan="1">1708085318097</td><td rowspan="1">1368</td></tr><tr><th colspan="4">Submit Order &#8212; passed</th></tr><tr class="passedeven"><td rowspan="1">academy.tests.SubmitOrderTest</td><td><a href="#m1">submitOrder</a></td><td rowspan="1">1708085302167</td><td rowspan="1">15925</td></tr></tbody>
<tbody id="t1"><tr><th colspan="4">Error Validations &#8212; failed (configuration methods)</th></tr><tr class="failedeven"><td rowspan="1">academy.tests.ErrorValidationTest</td><td><a href="#m2">stopDocker</a></td><td rowspan="1">1708085322808</td><td rowspan="1">40010</td></tr><tr><th colspan="4">Error Validations &#8212; failed</th></tr><tr class="failedeven"><td rowspan="1">academy.tests.ErrorValidationTest</td><td><a href="#m3">IncorrectCredentialValidation</a></td><td rowspan="1">1708085306935</td><td rowspan="1">677</td></tr><tr><th colspan="4">Error Validations &#8212; passed</th></tr><tr class="passedeven"><td rowspan="1">academy.tests.ErrorValidationTest</td><td><a href="#m4">productNameErrorValidation</a></td><td rowspan="1">1708085307983</td><td rowspan="1">13958</td></tr></tbody>
</table>
<h2>Submit Order</h2><h3 id="m0">academy.tests.SubmitOrderTest#OrderHistoryTest</h3><table class="result"><tr class="param"><th>Parameter #1</th></tr><tr class="param stripe"><td>org.testng.TestRunner@45bfd184</td></tr><tr><th>Exception</th></tr><tr><td><div class="stacktrace">java.lang.AssertionError: expected [true] but found [false]
	at academy.tests.SubmitOrderTest.OrderHistoryTest(SubmitOrderTest.java:46)
	at java.base/java.util.ArrayList.forEach(ArrayList.java:1511)
	at java.base/java.util.concurrent.FutureTask.run(FutureTask.java:264)
	at java.base/java.util.concurrent.ThreadPoolExecutor.runWorker(ThreadPoolExecutor.java:1136)
	at java.base/java.util.concurrent.ThreadPoolExecutor$Worker.run(ThreadPoolExecutor.java:635)
	at java.base/java.lang.Thread.run(Thread.java:842)
... Removed 21 stack frames</div></td></tr></table><p class="totop"><a href="#summary">back to summary</a></p>
<h3 id="m1">academy.tests.SubmitOrderTest#submitOrder</h3><table class="result"><tr class="param"><th>Parameter #1</th></tr><tr class="param stripe"><td>org.testng.TestRunner@45bfd184</td></tr></table><p class="totop"><a href="#summary">back to summary</a></p>
<h2>Error Validations</h2><h3 id="m2">academy.tests.ErrorValidationTest#stopDocker</h3><table class="result"><tr><th>Exception</th></tr><tr><td><div class="stacktrace">java.lang.RuntimeException: Grid not started
	at academy.testComponents.DockerManager.waitTill(DockerManager.java:93)
	at academy.testComponents.DockerManager.actionDocker(DockerManager.java:68)
	at academy.testComponents.BaseTest.stopDocker(BaseTest.java:114)
... Removed 23 stack frames</div></td></tr></table><p class="totop"><a href="#summary">back to summary</a></p>
<h3 id="m3">academy.tests.ErrorValidationTest#IncorrectCredentialValidation</h3><table class="result"><tr><th>Exception</th></tr><tr><td><div class="stacktrace">java.lang.AssertionError: expected [true] but found [false]
	at academy.tests.ErrorValidationTest.IncorrectCredentialValidation(ErrorValidationTest.java:20)
	at java.base/java.util.ArrayList.forEach(ArrayList.java:1511)
	at java.base/java.util.concurrent.FutureTask.run(FutureTask.java:264)
	at java.base/java.util.concurrent.ThreadPoolExecutor.runWorker(ThreadPoolExecutor.java:1136)
	at java.base/java.util.concurrent.ThreadPoolExecutor$Worker.run(ThreadPoolExecutor.java:635)
	at java.base/java.lang.Thread.run(Thread.java:842)
... Removed 21 stack frames</div></td></tr></table><p class="totop"><a href="#summary">back to summary</a></p>
<h3 id="m4">academy.tests.ErrorValidationTest#productNameErrorValidation</h3><table class="result"><tr><th class="invisible"/></tr></table><p class="totop"><a href="#summary">back to summary</a></p>
</body>
</html>
